<?xml version="1.0" encoding="UTF-8"?>
<testsuite name="com.group.libraryapp.LibraryAppApplicationTests" tests="1" skipped="0" failures="0" errors="0" timestamp="2022-08-20T12:11:17" hostname="OHJUui-MacBookPro.local" time="0.004">
  <properties/>
  <testcase name="contextLoads()" classname="com.group.libraryapp.LibraryAppApplicationTests" time="0.004"/>
  <system-out><![CDATA[2022-08-20 21:11:17.203  INFO 10183 --- [    Test worker] .b.t.c.SpringBootTestContextBootstrapper : Neither @ContextConfiguration nor @ContextHierarchy found for test class [com.group.libraryapp.LibraryAppApplicationTests], using SpringBootContextLoader
2022-08-20 21:11:17.204  INFO 10183 --- [    Test worker] o.s.t.c.support.AbstractContextLoader    : Could not detect default resource locations for test class [com.group.libraryapp.LibraryAppApplicationTests]: no resource found for suffixes {-context.xml, Context.groovy}.
2022-08-20 21:11:17.204  INFO 10183 --- [    Test worker] t.c.s.AnnotationConfigContextLoaderUtils : Could not detect default configuration classes for test class [com.group.libraryapp.LibraryAppApplicationTests]: LibraryAppApplicationTests does not declare any static, non-private, non-final, nested classes annotated with @Configuration.
2022-08-20 21:11:17.231  INFO 10183 --- [    Test worker] .b.t.c.SpringBootTestContextBootstrapper : Found @SpringBootConfiguration com.group.libraryapp.LibraryAppApplication for test class com.group.libraryapp.LibraryAppApplicationTests
2022-08-20 21:11:17.236  INFO 10183 --- [    Test worker] .b.t.c.SpringBootTestContextBootstrapper : Loaded default TestExecutionListener class names from location [META-INF/spring.factories]: [org.springframework.boot.test.autoconfigure.restdocs.RestDocsTestExecutionListener, org.springframework.boot.test.autoconfigure.web.client.MockRestServiceServerResetTestExecutionListener, org.springframework.boot.test.autoconfigure.web.servlet.MockMvcPrintOnlyOnFailureTestExecutionListener, org.springframework.boot.test.autoconfigure.web.servlet.WebDriverTestExecutionListener, org.springframework.boot.test.autoconfigure.webservices.client.MockWebServiceServerTestExecutionListener, org.springframework.boot.test.mock.mockito.MockitoTestExecutionListener, org.springframework.boot.test.mock.mockito.ResetMocksTestExecutionListener, org.springframework.test.context.web.ServletTestExecutionListener, org.springframework.test.context.support.DirtiesContextBeforeModesTestExecutionListener, org.springframework.test.context.event.ApplicationEventsTestExecutionListener, org.springframework.test.context.support.DependencyInjectionTestExecutionListener, org.springframework.test.context.support.DirtiesContextTestExecutionListener, org.springframework.test.context.transaction.TransactionalTestExecutionListener, org.springframework.test.context.jdbc.SqlScriptsTestExecutionListener, org.springframework.test.context.event.EventPublishingTestExecutionListener]
2022-08-20 21:11:17.239  INFO 10183 --- [    Test worker] .b.t.c.SpringBootTestContextBootstrapper : Using TestExecutionListeners: [org.springframework.test.context.web.ServletTestExecutionListener@32ae890, org.springframework.test.context.support.DirtiesContextBeforeModesTestExecutionListener@45bb502f, org.springframework.test.context.event.ApplicationEventsTestExecutionListener@7aac6d13, org.springframework.boot.test.mock.mockito.MockitoTestExecutionListener@7e34e466, org.springframework.boot.test.autoconfigure.SpringBootDependencyInjectionTestExecutionListener@2a8eed58, org.springframework.test.context.support.DirtiesContextTestExecutionListener@352bea0e, org.springframework.test.context.transaction.TransactionalTestExecutionListener@2cf6dd4d, org.springframework.test.context.jdbc.SqlScriptsTestExecutionListener@75381b61, org.springframework.test.context.event.EventPublishingTestExecutionListener@2801ccb3, org.springframework.boot.test.autoconfigure.restdocs.RestDocsTestExecutionListener@42102827, org.springframework.boot.test.autoconfigure.web.client.MockRestServiceServerResetTestExecutionListener@5896899d, org.springframework.boot.test.autoconfigure.web.servlet.MockMvcPrintOnlyOnFailureTestExecutionListener@6d4062fd, org.springframework.boot.test.autoconfigure.web.servlet.WebDriverTestExecutionListener@4b024fb2, org.springframework.boot.test.autoconfigure.webservices.client.MockWebServiceServerTestExecutionListener@89017e5, org.springframework.boot.test.mock.mockito.ResetMocksTestExecutionListener@6426ad0b]
]]></system-out>
  <system-err><![CDATA[]]></system-err>
</testsuite>
